
/home/runner/work/exp-io-programming-interfacing-led-switch-coep/exp-io-programming-interfacing-led-switch-coep/experiment/simulation/lib/jquery.js
  2:58     warning  'module' is not defined                                                    no-undef
  2:73     warning  'module' is not defined                                                    no-undef
  2:6324   warning  Expected a conditional expression and instead saw an assignment            no-cond-assign
  2:6580   warning  Expected a conditional expression and instead saw an assignment            no-cond-assign
  2:7011   warning  Expected a conditional expression and instead saw an assignment            no-cond-assign
  2:7270   warning  Empty block statement                                                      no-empty
  2:7839   warning  Expected a conditional expression and instead saw an assignment            no-cond-assign
  2:9709   warning  Expected a conditional expression and instead saw an assignment            no-cond-assign
  2:11311  warning  Expected a conditional expression and instead saw an assignment            no-cond-assign
  2:11887  warning  Expected a conditional expression and instead saw an assignment            no-cond-assign
  2:11925  warning  Expected a conditional expression and instead saw an assignment            no-cond-assign
  2:12343  warning  Empty block statement                                                      no-empty
  2:12906  warning  Expected a conditional expression and instead saw an assignment            no-cond-assign
  2:13218  warning  Expected a conditional expression and instead saw an assignment            no-cond-assign
  2:15046  warning  Expected a conditional expression and instead saw an assignment            no-cond-assign
  2:15317  warning  Expected a conditional expression and instead saw an assignment            no-cond-assign
  2:15517  warning  Expected a conditional expression and instead saw an assignment            no-cond-assign
  2:15893  warning  Do not access Object.prototype method 'hasOwnProperty' from target object  no-prototype-builtins
  2:16598  warning  Expected a conditional expression and instead saw an assignment            no-cond-assign
  2:18982  warning  Expected a conditional expression and instead saw an assignment            no-cond-assign
  2:19073  warning  Expected a conditional expression and instead saw an assignment            no-cond-assign
  2:19133  warning  Expected a conditional expression and instead saw an assignment            no-cond-assign
  2:20435  warning  Expected a conditional expression and instead saw an assignment            no-cond-assign
  2:21049  warning  Expected a conditional expression and instead saw an assignment            no-cond-assign
  2:21160  warning  Expected a conditional expression and instead saw an assignment            no-cond-assign
  2:23420  warning  Unnecessary escape character: \[                                           no-useless-escape
  2:23422  warning  Unnecessary escape character: \.                                           no-useless-escape
  2:30761  warning  Empty block statement                                                      no-empty
  2:31981  warning  Empty block statement                                                      no-empty
  3:7811   warning  Expected a conditional expression and instead saw an assignment            no-cond-assign
  3:7951   warning  Expected a conditional expression and instead saw an assignment            no-cond-assign
  3:8441   warning  Empty block statement                                                      no-empty
  3:11852  warning  Empty block statement                                                      no-empty
  3:14493  warning  Empty block statement                                                      no-empty
  3:24051  warning  Empty block statement                                                      no-empty
  3:26100  warning  Move function declaration to function body root                            no-inner-declarations
  3:30714  warning  Empty block statement                                                      no-empty
  4:2546   warning  Expected a conditional expression and instead saw an assignment            no-cond-assign
  4:5062   warning  Expected a conditional expression and instead saw an assignment            no-cond-assign
  4:11701  warning  Expected a conditional expression and instead saw an assignment            no-cond-assign
  4:13447  warning  Empty block statement                                                      no-empty
  4:14747  warning  Expected a conditional expression and instead saw an assignment            no-cond-assign
  4:14827  warning  Expected a conditional expression and instead saw an assignment            no-cond-assign
  4:15164  warning  Expected a conditional expression and instead saw an assignment            no-cond-assign
  4:15244  warning  Expected a conditional expression and instead saw an assignment            no-cond-assign
  4:15659  warning  Expected a conditional expression and instead saw an assignment            no-cond-assign
  4:15915  warning  Expected a conditional expression and instead saw an assignment            no-cond-assign
  4:16492  warning  Unnecessary escape character: \/                                           no-useless-escape
  4:17365  warning  Unnecessary escape character: \/                                           no-useless-escape
  4:17377  warning  Unnecessary escape character: \/                                           no-useless-escape
  4:17610  warning  Expected a conditional expression and instead saw an assignment            no-cond-assign
  4:20109  warning  Expected a conditional expression and instead saw an assignment            no-cond-assign
  4:22009  warning  Expected a conditional expression and instead saw an assignment            no-cond-assign
  4:27128  warning  Empty block statement                                                      no-empty
  4:27205  warning  Empty block statement                                                      no-empty
  5:812    warning  'define' is not defined                                                    no-undef
  5:824    warning  'define' is not defined                                                    no-undef

/home/runner/work/exp-io-programming-interfacing-led-switch-coep/exp-io-programming-interfacing-led-switch-coep/experiment/simulation/lib/jquery.min.js
  2:71     warning  'module' is not defined                                                    no-undef
  2:86     warning  'module' is not defined                                                    no-undef
  2:5433   warning  Unexpected control character(s) in regular expression: \x1f, \x1f          no-control-regex
  2:5916   warning  Expected a conditional expression and instead saw an assignment            no-cond-assign
  2:6170   warning  Expected a conditional expression and instead saw an assignment            no-cond-assign
  2:6614   warning  Expected a conditional expression and instead saw an assignment            no-cond-assign
  2:7404   warning  Expected a conditional expression and instead saw an assignment            no-cond-assign
  2:9497   warning  Expected a conditional expression and instead saw an assignment            no-cond-assign
  2:9807   warning  Expected a conditional expression and instead saw an assignment            no-cond-assign
  2:11608  warning  Expected a conditional expression and instead saw an assignment            no-cond-assign
  2:12183  warning  Expected a conditional expression and instead saw an assignment            no-cond-assign
  2:12221  warning  Expected a conditional expression and instead saw an assignment            no-cond-assign
  2:13234  warning  Expected a conditional expression and instead saw an assignment            no-cond-assign
  2:13546  warning  Expected a conditional expression and instead saw an assignment            no-cond-assign
  2:15374  warning  Expected a conditional expression and instead saw an assignment            no-cond-assign
  2:15645  warning  Expected a conditional expression and instead saw an assignment            no-cond-assign
  2:15843  warning  Expected a conditional expression and instead saw an assignment            no-cond-assign
  2:16217  warning  Do not access Object.prototype method 'hasOwnProperty' from target object  no-prototype-builtins
  2:16907  warning  Expected a conditional expression and instead saw an assignment            no-cond-assign
  2:18727  warning  Expected a conditional expression and instead saw an assignment            no-cond-assign
  2:18827  warning  Expected a conditional expression and instead saw an assignment            no-cond-assign
  2:18887  warning  Expected a conditional expression and instead saw an assignment            no-cond-assign
  2:19071  warning  Expected a conditional expression and instead saw an assignment            no-cond-assign
  2:20240  warning  Expected a conditional expression and instead saw an assignment            no-cond-assign
  2:21514  warning  Expected a conditional expression and instead saw an assignment            no-cond-assign
  2:21625  warning  Expected a conditional expression and instead saw an assignment            no-cond-assign
  2:23791  warning  Unnecessary escape character: \/                                           no-useless-escape
  2:33395  warning  Empty block statement                                                      no-empty
  2:37269  warning  Unnecessary escape character: \/                                           no-useless-escape
  2:38490  warning  Expected a conditional expression and instead saw an assignment            no-cond-assign
  2:38606  warning  Expected a conditional expression and instead saw an assignment            no-cond-assign
  2:39234  warning  Empty block statement                                                      no-empty
  2:46727  warning  Unnecessary escape character: \/                                           no-useless-escape
  2:49033  warning  Expected a conditional expression and instead saw an assignment            no-cond-assign
  2:50593  warning  Empty block statement                                                      no-empty
  2:58406  warning  Expected a conditional expression and instead saw an assignment            no-cond-assign
  2:59575  warning  Expected a conditional expression and instead saw an assignment            no-cond-assign
  2:65215  warning  Expected a conditional expression and instead saw an assignment            no-cond-assign
  2:66958  warning  Expected a conditional expression and instead saw an assignment            no-cond-assign
  2:67024  warning  Expected a conditional expression and instead saw an assignment            no-cond-assign
  2:67328  warning  Expected a conditional expression and instead saw an assignment            no-cond-assign
  2:67394  warning  Expected a conditional expression and instead saw an assignment            no-cond-assign
  2:67801  warning  Expected a conditional expression and instead saw an assignment            no-cond-assign
  2:68078  warning  Expected a conditional expression and instead saw an assignment            no-cond-assign
  2:73449  warning  Expected a conditional expression and instead saw an assignment            no-cond-assign
  2:75043  warning  Expected a conditional expression and instead saw an assignment            no-cond-assign
  2:75823  warning  'r.href' is assigned to itself                                             no-self-assign
  2:80414  warning  Empty block statement                                                      no-empty
  2:83525  warning  Expected a conditional expression and instead saw an assignment            no-cond-assign
  2:87869  warning  'define' is not defined                                                    no-undef
  2:87881  warning  'define' is not defined                                                    no-undef

/home/runner/work/exp-io-programming-interfacing-led-switch-coep/exp-io-programming-interfacing-led-switch-coep/experiment/simulation/lib/raphael.js
  5800:60  error  Parsing error: Deleting local variable in strict mode

/home/runner/work/exp-io-programming-interfacing-led-switch-coep/exp-io-programming-interfacing-led-switch-coep/experiment/simulation/lib/raphael.min.js
  1:66     warning  'module' is not defined                                                                                                                          no-undef
  1:112    warning  'define' is not defined                                                                                                                          no-undef
  1:123    warning  'define' is not defined                                                                                                                          no-undef
  1:161    warning  'exports' is not defined                                                                                                                         no-undef
  1:1566   warning  'DocumentTouch' is not defined                                                                                                                   no-undef
  1:2001   warning  Unnecessary escape character: \.                                                                                                                 no-useless-escape
  1:2017   warning  Unnecessary escape character: \.                                                                                                                 no-useless-escape
  1:2033   warning  Unnecessary escape character: \.                                                                                                                 no-useless-escape
  1:2052   warning  Unnecessary escape character: \.                                                                                                                 no-useless-escape
  1:2081   warning  Unnecessary escape character: \.                                                                                                                 no-useless-escape
  1:2110   warning  Unnecessary escape character: \.                                                                                                                 no-useless-escape
  1:2126   warning  Unnecessary escape character: \.                                                                                                                 no-useless-escape
  1:2145   warning  Unnecessary escape character: \.                                                                                                                 no-useless-escape
  1:2174   warning  Unnecessary escape character: \.                                                                                                                 no-useless-escape
  1:2203   warning  Unnecessary escape character: \.                                                                                                                 no-useless-escape
  1:2219   warning  Unnecessary escape character: \.                                                                                                                 no-useless-escape
  1:2238   warning  Unnecessary escape character: \.                                                                                                                 no-useless-escape
  1:2346   warning  Unnecessary escape character: \)                                                                                                                 no-useless-escape
  1:3257   warning  Unexpected control character(s) in regular expression: \x09, \x0a, \x0b, \x0c, \x0d, \x09, \x0a, \x0b, \x0c, \x0d                                no-control-regex
  1:3582   warning  Unexpected control character(s) in regular expression: \x09, \x0a, \x0b, \x0c, \x0d, \x09, \x0a, \x0b, \x0c, \x0d, \x09, \x0a, \x0b, \x0c, \x0d  no-control-regex
  1:3756   warning  Unnecessary escape character: \-                                                                                                                 no-useless-escape
  1:4055   warning  Unexpected control character(s) in regular expression: \x09, \x0a, \x0b, \x0c, \x0d, \x09, \x0a, \x0b, \x0c, \x0d, \x09, \x0a, \x0b, \x0c, \x0d  no-control-regex
  1:4222   warning  Unnecessary escape character: \-                                                                                                                 no-useless-escape
  1:4521   warning  Unexpected control character(s) in regular expression: \x09, \x0a, \x0b, \x0c, \x0d, \x09, \x0a, \x0b, \x0c, \x0d                                no-control-regex
  1:4539   warning  Unnecessary escape character: \-                                                                                                                 no-useless-escape
  1:4856   warning  Unexpected control character(s) in regular expression: \x09, \x0a, \x0b, \x0c, \x0d, \x09, \x0a, \x0b, \x0c, \x0d                                no-control-regex
  1:5154   warning  Unnecessary escape character: \)                                                                                                                 no-useless-escape
  1:7857   warning  'ActiveXObject' is not defined                                                                                                                   no-undef
  1:7931   warning  'createPopup' is not defined                                                                                                                     no-undef
  1:19015  warning  Expected a 'break' statement before 'default'                                                                                                    no-fallthrough
  1:20113  warning  Expected a 'break' statement before 'default'                                                                                                    no-fallthrough
  1:20421  warning  Expected a 'break' statement before 'default'                                                                                                    no-fallthrough
  1:24342  warning  Unnecessary escape character: \.                                                                                                                 no-useless-escape
  1:35757  warning  't' is defined but never used                                                                                                                    no-unused-vars
  1:49075  warning  'r' is defined but never used                                                                                                                    no-unused-vars
  1:50549  warning  'i' is defined but never used                                                                                                                    no-unused-vars
  1:50598  warning  'r' is defined but never used                                                                                                                    no-unused-vars
  1:52666  warning  Unnecessary escape character: \}                                                                                                                 no-useless-escape
  1:53074  warning  Empty block statement                                                                                                                            no-empty
  1:53754  warning  Unnecessary escape character: \)                                                                                                                 no-useless-escape
  1:60967  warning  Unnecessary escape character: \-                                                                                                                 no-useless-escape
  1:72245  warning  Unnecessary escape character: \-                                                                                                                 no-useless-escape
  1:72515  warning  Unnecessary escape character: \(                                                                                                                 no-useless-escape
  1:72517  warning  Unnecessary escape character: \)                                                                                                                 no-useless-escape
  1:75570  warning  Expected a conditional expression and instead saw an assignment                                                                                  no-cond-assign
  1:77369  warning  Expected a 'break' statement before 'case'                                                                                                       no-fallthrough
  1:77405  warning  Expected a 'break' statement before 'case'                                                                                                       no-fallthrough
  1:77447  warning  Expected a 'break' statement before 'case'                                                                                                       no-fallthrough
  1:77582  warning  Expected a 'break' statement before 'case'                                                                                                       no-fallthrough
  1:77619  warning  Expected a 'break' statement before 'case'                                                                                                       no-fallthrough
  1:77661  warning  Expected a 'break' statement before 'case'                                                                                                       no-fallthrough
  1:79325  warning  Expected a 'break' statement before 'case'                                                                                                       no-fallthrough
  1:79783  warning  Expected a 'break' statement before 'case'                                                                                                       no-fallthrough
  1:79973  warning  Expected a 'break' statement before 'default'                                                                                                    no-fallthrough
  1:80032  warning  Unnecessary escape character: \-                                                                                                                 no-useless-escape
  1:89485  warning  'r' is defined but never used                                                                                                                    no-unused-vars
  1:89543  warning  Unnecessary escape character: \.                                                                                                                 no-useless-escape
  1:89545  warning  Unnecessary escape character: \/                                                                                                                 no-useless-escape
  1:90733  warning  Unnecessary escape character: \.                                                                                                                 no-useless-escape
  1:90735  warning  Unnecessary escape character: \^                                                                                                                 no-useless-escape
  1:90739  warning  Unnecessary escape character: \[                                                                                                                 no-useless-escape
  1:90741  warning  Unnecessary escape character: \-                                                                                                                 no-useless-escape
  1:90780  warning  Unnecessary escape character: \.                                                                                                                 no-useless-escape
  1:90782  warning  Unnecessary escape character: \/                                                                                                                 no-useless-escape
  1:91000  warning  Do not access Object.prototype method 'hasOwnProperty' from target object                                                                        no-prototype-builtins

/home/runner/work/exp-io-programming-interfacing-led-switch-coep/exp-io-programming-interfacing-led-switch-coep/experiment/simulation/src/configuration.js
    3:2   warning  '$' is not defined                             no-undef
    4:6   warning  '$' is not defined                             no-undef
    6:7   warning  '$' is not defined                             no-undef
    7:7   warning  '$' is not defined                             no-undef
    8:1   warning  Mixed spaces and tabs                          no-mixed-spaces-and-tabs
    9:1   warning  Mixed spaces and tabs                          no-mixed-spaces-and-tabs
  144:1   warning  '$' is not defined                             no-undef
  151:5   warning  'id' is assigned a value but never used        no-unused-vars
  157:1   warning  '$' is not defined                             no-undef
  162:2   warning  Mixed spaces and tabs                          no-mixed-spaces-and-tabs
  164:3   warning  '$' is not defined                             no-undef
  167:4   warning  'toastr' is not defined                        no-undef
  169:2   warning  Mixed spaces and tabs                          no-mixed-spaces-and-tabs
  169:5   warning  '$' is not defined                             no-undef
  170:1   warning  Mixed spaces and tabs                          no-mixed-spaces-and-tabs
  170:6   warning  '$' is not defined                             no-undef
  176:1   warning  '$' is not defined                             no-undef
  181:2   warning  Mixed spaces and tabs                          no-mixed-spaces-and-tabs
  183:3   warning  '$' is not defined                             no-undef
  186:4   warning  'toastr' is not defined                        no-undef
  188:3   warning  Mixed spaces and tabs                          no-mixed-spaces-and-tabs
  191:5   warning  'showSwal' is not defined                      no-undef
  192:3   warning  Mixed spaces and tabs                          no-mixed-spaces-and-tabs
  194:5   warning  'showSwal' is not defined                      no-undef
  195:3   warning  Mixed spaces and tabs                          no-mixed-spaces-and-tabs
  197:5   warning  'showSwal' is not defined                      no-undef
  198:3   warning  Mixed spaces and tabs                          no-mixed-spaces-and-tabs
  200:5   warning  'showSwal' is not defined                      no-undef
  201:3   warning  Mixed spaces and tabs                          no-mixed-spaces-and-tabs
  203:5   warning  'showSwal' is not defined                      no-undef
  204:3   warning  Mixed spaces and tabs                          no-mixed-spaces-and-tabs
  206:5   warning  'showSwal' is not defined                      no-undef
  207:3   warning  Mixed spaces and tabs                          no-mixed-spaces-and-tabs
  208:3   warning  Mixed spaces and tabs                          no-mixed-spaces-and-tabs
  209:5   warning  '$' is not defined                             no-undef
  210:1   warning  Mixed spaces and tabs                          no-mixed-spaces-and-tabs
  210:8   warning  '$' is not defined                             no-undef
  212:2   warning  Mixed spaces and tabs                          no-mixed-spaces-and-tabs
  217:6   warning  'comment' is defined but never used            no-unused-vars
  217:16  warning  'comment1' is assigned a value but never used  no-unused-vars
  219:16  warning  'code' is defined but never used               no-unused-vars
  219:23  warning  'code1' is defined but never used              no-unused-vars
  220:1   warning  '$' is not defined                             no-undef
  221:3   warning  '$' is not defined                             no-undef
  222:15  warning  '$' is not defined                             no-undef
  224:4   warning  'toastr' is not defined                        no-undef
  226:2   warning  Mixed spaces and tabs                          no-mixed-spaces-and-tabs
  226:6   warning  '$' is not defined                             no-undef
  227:1   warning  Mixed spaces and tabs                          no-mixed-spaces-and-tabs
  227:6   warning  '$' is not defined                             no-undef
  245:1   warning  '$' is not defined                             no-undef
  246:2   warning  '$' is not defined                             no-undef
  247:16  warning  '$' is not defined                             no-undef
  249:4   warning  'toastr' is not defined                        no-undef
  251:2   warning  Mixed spaces and tabs                          no-mixed-spaces-and-tabs
  251:5   warning  '$' is not defined                             no-undef
  252:2   warning  Mixed spaces and tabs                          no-mixed-spaces-and-tabs
  252:5   warning  '$' is not defined                             no-undef
  253:2   warning  Mixed spaces and tabs                          no-mixed-spaces-and-tabs
  253:5   warning  '$' is not defined                             no-undef
  254:2   warning  Mixed spaces and tabs                          no-mixed-spaces-and-tabs
  254:5   warning  '$' is not defined                             no-undef
  255:2   warning  Mixed spaces and tabs                          no-mixed-spaces-and-tabs
  255:5   warning  '$' is not defined                             no-undef
  256:2   warning  Mixed spaces and tabs                          no-mixed-spaces-and-tabs
  257:2   warning  Mixed spaces and tabs                          no-mixed-spaces-and-tabs
  302:1   warning  '$' is not defined                             no-undef
  306:2   warning  '$' is not defined                             no-undef
  309:2   warning  '$' is not defined                             no-undef
  310:2   warning  'hexValue' is not defined                      no-undef
  337:5   warning  '$' is not defined                             no-undef
  339:5   warning  '$' is not defined                             no-undef
  340:3   warning  Mixed spaces and tabs                          no-mixed-spaces-and-tabs
  341:2   warning  '$' is not defined                             no-undef
  346:1   warning  '$' is not defined                             no-undef
  350:3   warning  '$' is not defined                             no-undef
  352:3   warning  '$' is not defined                             no-undef
  354:3   warning  '$' is not defined                             no-undef
  359:1   warning  '$' is not defined                             no-undef
  361:3   warning  '$' is not defined                             no-undef
  362:17  warning  '$' is not defined                             no-undef
  363:17  warning  '$' is not defined                             no-undef
  364:19  warning  '$' is not defined                             no-undef
  365:24  warning  '$' is not defined                             no-undef
  366:4   warning  '$' is not defined                             no-undef
  367:4   warning  '$' is not defined                             no-undef
  368:4   warning  '$' is not defined                             no-undef
  369:4   warning  'mimic' is not defined                         no-undef
  373:3   warning  '$' is not defined                             no-undef
  380:17  warning  'jsPDF' is not defined                         no-undef
  382:26  warning  'element' is defined but never used            no-unused-vars
  382:35  warning  'renderer' is defined but never used           no-unused-vars
  388:1   warning  '$' is not defined                             no-undef
  389:1   warning  Mixed spaces and tabs                          no-mixed-spaces-and-tabs
  390:17  warning  '$' is not defined                             no-undef
  391:8   warning  Mixed spaces and tabs                          no-mixed-spaces-and-tabs
  393:4   warning  Mixed spaces and tabs                          no-mixed-spaces-and-tabs
  394:4   warning  Mixed spaces and tabs                          no-mixed-spaces-and-tabs
  398:3   warning  'toastr' is not defined                        no-undef
  408:25  warning  '$' is not defined                             no-undef

/home/runner/work/exp-io-programming-interfacing-led-switch-coep/exp-io-programming-interfacing-led-switch-coep/experiment/simulation/src/mimic.js
    3:1   warning  '$' is not defined                                     no-undef
    4:2   warning  '$' is not defined                                     no-undef
    8:14  warning  '$' is not defined                                     no-undef
   10:6   warning  '$' is not defined                                     no-undef
   11:3   warning  'width' is assigned a value but never used             no-unused-vars
   11:11  warning  '$' is not defined                                     no-undef
   12:3   warning  'paper' is not defined                                 no-undef
   12:15  warning  'Raphael' is not defined                               no-undef
   13:3   warning  'paper' is not defined                                 no-undef
   14:3   warning  'paper' is not defined                                 no-undef
   16:3   warning  'paper' is not defined                                 no-undef
   16:15  warning  'Raphael' is not defined                               no-undef
   17:3   warning  'paper' is not defined                                 no-undef
   18:3   warning  'paper' is not defined                                 no-undef
   21:5   warning  'x' is assigned a value but never used                 no-unused-vars
   22:5   warning  'y' is assigned a value but never used                 no-unused-vars
   27:10  warning  'mimic' is defined but never used                      no-unused-vars
   31:4   warning  Mixed spaces and tabs                                  no-mixed-spaces-and-tabs
   33:5   warning  '$' is not defined                                     no-undef
   34:5   warning  '$' is not defined                                     no-undef
   35:5   warning  '$' is not defined                                     no-undef
   36:2   warning  '$' is not defined                                     no-undef
   40:14  warning  '$' is not defined                                     no-undef
   42:6   warning  '$' is not defined                                     no-undef
   43:3   warning  'width' is assigned a value but never used             no-unused-vars
   43:11  warning  '$' is not defined                                     no-undef
   44:3   warning  'paper' is not defined                                 no-undef
   44:15  warning  'Raphael' is not defined                               no-undef
   45:3   warning  'paper' is not defined                                 no-undef
   46:3   warning  'paper' is not defined                                 no-undef
   48:3   warning  'paper' is not defined                                 no-undef
   48:15  warning  'Raphael' is not defined                               no-undef
   49:3   warning  'paper' is not defined                                 no-undef
   50:3   warning  'paper' is not defined                                 no-undef
   58:5   warning  'IpinVal' is assigned a value but never used           no-unused-vars
   59:5   warning  'pinVal' is assigned a value but never used            no-unused-vars
   60:5   warning  'diodSelection2' is assigned a value but never used    no-unused-vars
   72:5   warning  'onTime11' is assigned a value but never used          no-unused-vars
   74:17  warning  'paper' is not defined                                 no-undef
   75:14  warning  'paper' is not defined                                 no-undef
   82:5   warning  'diodSelection' is assigned a value but never used     no-unused-vars
   88:5   warning  'ledTypeVAl' is not defined                            no-undef
   90:8   warning  'paper' is not defined                                 no-undef
   91:8   warning  'paper' is not defined                                 no-undef
   92:10  warning  'paper' is not defined                                 no-undef
   94:2   warning  'diode' is assigned a value but never used             no-unused-vars
   94:8   warning  'paper' is not defined                                 no-undef
   95:2   warning  'anode' is assigned a value but never used             no-unused-vars
   95:8   warning  'paper' is not defined                                 no-undef
   96:2   warning  'cathode' is assigned a value but never used           no-unused-vars
   96:10  warning  'paper' is not defined                                 no-undef
  101:5   warning  'r' is assigned a value but never used                 no-unused-vars
  101:7   warning  'paper' is not defined                                 no-undef
  106:5   warning  'Ledcircle2' is assigned a value but never used        no-unused-vars
  106:16  warning  'paper' is not defined                                 no-undef
  115:22  warning  'paper' is not defined                                 no-undef
  116:5   warning  'switchCircleNAme' is already defined                  no-redeclare
  116:22  warning  'paper' is not defined                                 no-undef
  117:5   warning  'switchCircleNAme' is already defined                  no-redeclare
  117:5   warning  'switchCircleNAme' is assigned a value but never used  no-unused-vars
  117:22  warning  'paper' is not defined                                 no-undef
  118:5   warning  'switchCircle' is assigned a value but never used      no-unused-vars
  118:18  warning  'paper' is not defined                                 no-undef
  119:5   warning  'switchbaseImg' is assigned a value but never used     no-unused-vars
  119:21  warning  'paper' is not defined                                 no-undef
  120:5   warning  'ardinoPin' is assigned a value but never used         no-unused-vars
  120:17  warning  'paper' is not defined                                 no-undef
  127:17  warning  'paper' is not defined                                 no-undef
  131:17  warning  'paper' is not defined                                 no-undef
  143:5   warning  'ground1' is already defined                           no-redeclare
  143:5   warning  'ground1' is assigned a value but never used           no-unused-vars
  143:14  warning  'paper' is not defined                                 no-undef
  144:5   warning  't1' is already defined                                no-redeclare
  144:5   warning  't1' is assigned a value but never used                no-unused-vars
  144:10  warning  'paper' is not defined                                 no-undef
  146:5   warning  'ledTypeVAl' is not defined                            no-undef
  148:10  warning  'paper' is not defined                                 no-undef
  149:14  warning  'paper' is not defined                                 no-undef
  151:23  warning  'paper' is not defined                                 no-undef
  153:16  warning  'paper' is not defined                                 no-undef
  154:13  warning  'paper' is not defined                                 no-undef
  159:6   warning  'groundConnection' is already defined                  no-redeclare
  159:6   warning  'groundConnection' is assigned a value but never used  no-unused-vars
  159:23  warning  'paper' is not defined                                 no-undef
  161:6   warning  'resister2' is already defined                         no-redeclare
  161:6   warning  'resister2' is assigned a value but never used         no-unused-vars
  161:16  warning  'paper' is not defined                                 no-undef
  162:6   warning  't' is already defined                                 no-redeclare
  162:6   warning  't' is assigned a value but never used                 no-unused-vars
  162:10  warning  'paper' is not defined                                 no-undef
  163:6   warning  'ground' is already defined                            no-redeclare
  163:6   warning  'ground' is assigned a value but never used            no-unused-vars
  163:14  warning  'paper' is not defined                                 no-undef
  164:6   warning  'vdd2' is already defined                              no-redeclare
  164:6   warning  'vdd2' is assigned a value but never used              no-unused-vars
  164:13  warning  'paper' is not defined                                 no-undef
  169:2   warning  '$' is not defined                                     no-undef
  171:3   warning  'paper' is not defined                                 no-undef
  173:3   warning  '$' is not defined                                     no-undef
  174:3   warning  'setRedflag' is not defined                            no-undef
  175:3   warning  'statusFlag' is not defined                            no-undef
  176:3   warning  'reset' is not defined                                 no-undef
  191:10  warning  'blink' is defined but never used                      no-unused-vars
  193:21  warning  'redInputconnection' is not defined                    no-undef
  196:21  warning  'blueInputconnection' is not defined                   no-undef
  212:3   warning  'toastr' is not defined                                no-undef
  216:3   warning  'statusFlag' is not defined                            no-undef
  221:3   warning  'start' is not defined                                 no-undef
  224:3   warning  'showSwal' is not defined                              no-undef
  225:15  warning  'paper' is not defined                                 no-undef
  227:13  warning  'paper' is not defined                                 no-undef
  228:16  warning  'paper' is not defined                                 no-undef
  231:13  warning  'paper' is not defined                                 no-undef
  233:16  warning  'paper' is not defined                                 no-undef
  241:3   warning  'showSwal' is not defined                              no-undef
  243:3   warning  'showSwal' is not defined                              no-undef
  255:5   warning  'myInterval' is defined but never used                 no-unused-vars
  258:5   warning  'statusFlag' is not defined                            no-undef
  265:4   warning  'setRedflag' is not defined                            no-undef
  272:4   warning  'setRedflag' is not defined                            no-undef
  277:3   warning  '$' is not defined                                     no-undef
  278:3   warning  'start' is not defined                                 no-undef
  283:3   warning  'showSwal' is not defined                              no-undef
  291:5   warning  'statusFlag' is not defined                            no-undef
  301:3   warning  'setRedflag' is not defined                            no-undef
  306:4   warning  'setRedflag' is not defined                            no-undef
  311:2   warning  '$' is not defined                                     no-undef
  312:2   warning  'start' is not defined                                 no-undef
  316:3   warning  'showSwal' is not defined                              no-undef
  326:5   warning  'paper' is not defined                                 no-undef
  327:5   warning  'paper' is not defined                                 no-undef
  328:5   warning  'paper' is not defined                                 no-undef
  329:5   warning  'paper' is not defined                                 no-undef
  330:2   warning  'paper' is not defined                                 no-undef
  331:2   warning  'paper' is not defined                                 no-undef
  332:2   warning  'paper' is not defined                                 no-undef
  333:2   warning  'paper' is not defined                                 no-undef
  334:2   warning  'paper' is not defined                                 no-undef
  335:2   warning  'paper' is not defined                                 no-undef
  336:2   warning  'paper' is not defined                                 no-undef
  337:2   warning  'paper' is not defined                                 no-undef
  360:7   warning  'selectedOutput' is not defined                        no-undef
  361:1   warning  Mixed spaces and tabs                                  no-mixed-spaces-and-tabs
  362:3   warning  Mixed spaces and tabs                                  no-mixed-spaces-and-tabs
  363:3   warning  Mixed spaces and tabs                                  no-mixed-spaces-and-tabs
  364:2   warning  Mixed spaces and tabs                                  no-mixed-spaces-and-tabs
  365:14  warning  'selectedOutput' is not defined                        no-undef
  366:1   warning  Mixed spaces and tabs                                  no-mixed-spaces-and-tabs
  368:1   warning  Mixed spaces and tabs                                  no-mixed-spaces-and-tabs
  369:2   warning  Mixed spaces and tabs                                  no-mixed-spaces-and-tabs
  370:15  warning  'selectedOutput' is not defined                        no-undef
  371:1   warning  Mixed spaces and tabs                                  no-mixed-spaces-and-tabs
  373:1   warning  Mixed spaces and tabs                                  no-mixed-spaces-and-tabs
  374:2   warning  Mixed spaces and tabs                                  no-mixed-spaces-and-tabs
  376:13  warning  'selectedOutput' is not defined                        no-undef
  377:1   warning  Mixed spaces and tabs                                  no-mixed-spaces-and-tabs
  379:1   warning  Mixed spaces and tabs                                  no-mixed-spaces-and-tabs
  380:1   warning  Mixed spaces and tabs                                  no-mixed-spaces-and-tabs
  381:15  warning  'selectedOutput' is not defined                        no-undef
  382:1   warning  Mixed spaces and tabs                                  no-mixed-spaces-and-tabs
  384:1   warning  Mixed spaces and tabs                                  no-mixed-spaces-and-tabs
  385:1   warning  Mixed spaces and tabs                                  no-mixed-spaces-and-tabs
  386:14  warning  'selectedOutput' is not defined                        no-undef
  387:1   warning  Mixed spaces and tabs                                  no-mixed-spaces-and-tabs
  389:1   warning  Mixed spaces and tabs                                  no-mixed-spaces-and-tabs
  390:1   warning  Mixed spaces and tabs                                  no-mixed-spaces-and-tabs
  391:14  warning  'selectedOutput' is not defined                        no-undef
  392:1   warning  Mixed spaces and tabs                                  no-mixed-spaces-and-tabs
  394:1   warning  Mixed spaces and tabs                                  no-mixed-spaces-and-tabs
  395:1   warning  Mixed spaces and tabs                                  no-mixed-spaces-and-tabs
  400:1   warning  Mixed spaces and tabs                                  no-mixed-spaces-and-tabs
  400:7   warning  'selectedValue' is not defined                         no-undef
  401:2   warning  Mixed spaces and tabs                                  no-mixed-spaces-and-tabs
  402:2   warning  Mixed spaces and tabs                                  no-mixed-spaces-and-tabs
  403:1   warning  Mixed spaces and tabs                                  no-mixed-spaces-and-tabs
  403:13  warning  'selectedValue' is not defined                         no-undef
  404:2   warning  Mixed spaces and tabs                                  no-mixed-spaces-and-tabs
  405:2   warning  Mixed spaces and tabs                                  no-mixed-spaces-and-tabs
  406:2   warning  Mixed spaces and tabs                                  no-mixed-spaces-and-tabs
  407:1   warning  Mixed spaces and tabs                                  no-mixed-spaces-and-tabs
  407:13  warning  'selectedValue' is not defined                         no-undef
  408:2   warning  Mixed spaces and tabs                                  no-mixed-spaces-and-tabs
  409:2   warning  Mixed spaces and tabs                                  no-mixed-spaces-and-tabs
  410:2   warning  Mixed spaces and tabs                                  no-mixed-spaces-and-tabs
  411:1   warning  Mixed spaces and tabs                                  no-mixed-spaces-and-tabs
  411:13  warning  'selectedValue' is not defined                         no-undef
  413:2   warning  Mixed spaces and tabs                                  no-mixed-spaces-and-tabs
  414:2   warning  Mixed spaces and tabs                                  no-mixed-spaces-and-tabs
  415:1   warning  Mixed spaces and tabs                                  no-mixed-spaces-and-tabs
  415:13  warning  'selectedValue' is not defined                         no-undef
  416:2   warning  Mixed spaces and tabs                                  no-mixed-spaces-and-tabs
  417:2   warning  Mixed spaces and tabs                                  no-mixed-spaces-and-tabs
  418:2   warning  Mixed spaces and tabs                                  no-mixed-spaces-and-tabs
  419:1   warning  Mixed spaces and tabs                                  no-mixed-spaces-and-tabs
  419:13  warning  'selectedValue' is not defined                         no-undef
  420:2   warning  Mixed spaces and tabs                                  no-mixed-spaces-and-tabs
  421:2   warning  Mixed spaces and tabs                                  no-mixed-spaces-and-tabs
  422:2   warning  Mixed spaces and tabs                                  no-mixed-spaces-and-tabs
  423:1   warning  Mixed spaces and tabs                                  no-mixed-spaces-and-tabs
  423:13  warning  'selectedValue' is not defined                         no-undef
  424:2   warning  Mixed spaces and tabs                                  no-mixed-spaces-and-tabs
  425:2   warning  Mixed spaces and tabs                                  no-mixed-spaces-and-tabs
  426:2   warning  Mixed spaces and tabs                                  no-mixed-spaces-and-tabs
  427:1   warning  Mixed spaces and tabs                                  no-mixed-spaces-and-tabs
  439:12  warning  'showMessage' is defined but never used                no-unused-vars
  506:24  warning  'paper' is not defined                                 no-undef
  514:3   warning  Mixed spaces and tabs                                  no-mixed-spaces-and-tabs

/home/runner/work/exp-io-programming-interfacing-led-switch-coep/exp-io-programming-interfacing-led-switch-coep/experiment/simulation/src/toastr.min.js
  6:5072  warning  'define' is not defined   no-undef
  6:5083  warning  'define' is not defined   no-undef
  6:5132  warning  'module' is not defined   no-undef
  6:5147  warning  'module' is not defined   no-undef
  6:5164  warning  'require' is not defined  no-undef

✖ 486 problems (1 error, 485 warnings)

